Traceback (most recent call last):
  File "/home7/pahadisa/notice_board_project/passenger_wsgi.py", line 4, in <module>
    from notice_board_project.wsgi import application
  File "/home7/pahadisa/notice_board_project/notice_board_project/wsgi.py", line 12, in <module>
    from django.core.wsgi import get_wsgi_application
ModuleNotFoundError: No module named 'django'
Traceback (most recent call last):
  File "/home7/pahadisa/notice_board_project/passenger_wsgi.py", line 4, in <module>
    from notice_board_project.wsgi import application
  File "/home7/pahadisa/notice_board_project/notice_board_project/wsgi.py", line 12, in <module>
    from django.core.wsgi import get_wsgi_application
ModuleNotFoundError: No module named 'django'
[UID:2315][426330] Child process with pid: 426335 was killed by signal: 15, core dumped: no
Traceback (most recent call last):
  File "/home7/pahadisa/notice_board_project/passenger_wsgi.py", line 4, in <module>
    from notice_board_project.wsgi import application
  File "/home7/pahadisa/notice_board_project/notice_board_project/wsgi.py", line 12, in <module>
    from django.core.wsgi import get_wsgi_application
ModuleNotFoundError: No module named 'django'
[UID:2315][426330] Child process with pid: 426352 was killed by signal: 15, core dumped: no
Traceback (most recent call last):
  File "/home7/pahadisa/notice_board_project/passenger_wsgi.py", line 4, in <module>
    from notice_board_project.wsgi import application
  File "/home7/pahadisa/notice_board_project/notice_board_project/wsgi.py", line 12, in <module>
    from django.core.wsgi import get_wsgi_application
ModuleNotFoundError: No module named 'django'
Traceback (most recent call last):
  File "/home7/pahadisa/notice_board_project/passenger_wsgi.py", line 4, in <module>
    from notice_board_project.wsgi import application
  File "/home7/pahadisa/notice_board_project/notice_board_project/wsgi.py", line 12, in <module>
    from django.core.wsgi import get_wsgi_application
ModuleNotFoundError: No module named 'django'
[UID:2315][426412] Child process with pid: 426418 was killed by signal: 15, core dumped: no
Traceback (most recent call last):
  File "/home7/pahadisa/notice_board_project/passenger_wsgi.py", line 4, in <module>
    from notice_board_project.wsgi import application
  File "/home7/pahadisa/notice_board_project/notice_board_project/wsgi.py", line 12, in <module>
    from django.core.wsgi import get_wsgi_application
ModuleNotFoundError: No module named 'django'
Traceback (most recent call last):
  File "/home7/pahadisa/notice_board_project/passenger_wsgi.py", line 4, in <module>
    from notice_board_project.wsgi import application
  File "/home7/pahadisa/notice_board_project/notice_board_project/wsgi.py", line 12, in <module>
    from django.core.wsgi import get_wsgi_application
ModuleNotFoundError: No module named 'django'
[UID:2315][426630] Child process with pid: 426637 was killed by signal: 15, core dumped: no
Traceback (most recent call last):
  File "/home7/pahadisa/notice_board_project/passenger_wsgi.py", line 4, in <module>
    from notice_board_project.wsgi import application
  File "/home7/pahadisa/notice_board_project/notice_board_project/wsgi.py", line 12, in <module>
    from django.core.wsgi import get_wsgi_application
ModuleNotFoundError: No module named 'django'
Traceback (most recent call last):
  File "/home7/pahadisa/notice_board_project/passenger_wsgi.py", line 4, in <module>
    from notice_board_project.wsgi import application
  File "/home7/pahadisa/notice_board_project/notice_board_project/wsgi.py", line 12, in <module>
    from django.core.wsgi import get_wsgi_application
ModuleNotFoundError: No module named 'django'
[UID:2315][426651] Child process with pid: 426665 was killed by signal: 15, core dumped: no
Invalid HTTP_HOST header: 'pahadisamaj.nest.net.np'. You may need to add 'pahadisamaj.nest.net.np' to ALLOWED_HOSTS.
Traceback (most recent call last):
  File "/home7/pahadisa/virtualenv/notice_board_project/3.9/lib/python3.9/site-packages/django/core/handlers/exception.py", line 55, in inner
    response = get_response(request)
  File "/home7/pahadisa/virtualenv/notice_board_project/3.9/lib/python3.9/site-packages/django/utils/deprecation.py", line 133, in __call__
    response = self.process_request(request)
  File "/home7/pahadisa/virtualenv/notice_board_project/3.9/lib/python3.9/site-packages/django/middleware/common.py", line 48, in process_request
    host = request.get_host()
  File "/home7/pahadisa/virtualenv/notice_board_project/3.9/lib/python3.9/site-packages/django/http/request.py", line 150, in get_host
    raise DisallowedHost(msg)
django.core.exceptions.DisallowedHost: Invalid HTTP_HOST header: 'pahadisamaj.nest.net.np'. You may need to add 'pahadisamaj.nest.net.np' to ALLOWED_HOSTS.
Bad Request: /
Invalid HTTP_HOST header: 'pahadisamaj.nest.net.np'. You may need to add 'pahadisamaj.nest.net.np' to ALLOWED_HOSTS.
Traceback (most recent call last):
  File "/home7/pahadisa/virtualenv/notice_board_project/3.9/lib/python3.9/site-packages/django/core/handlers/exception.py", line 55, in inner
    response = get_response(request)
  File "/home7/pahadisa/virtualenv/notice_board_project/3.9/lib/python3.9/site-packages/django/utils/deprecation.py", line 133, in __call__
    response = self.process_request(request)
  File "/home7/pahadisa/virtualenv/notice_board_project/3.9/lib/python3.9/site-packages/django/middleware/common.py", line 48, in process_request
    host = request.get_host()
  File "/home7/pahadisa/virtualenv/notice_board_project/3.9/lib/python3.9/site-packages/django/http/request.py", line 150, in get_host
    raise DisallowedHost(msg)
django.core.exceptions.DisallowedHost: Invalid HTTP_HOST header: 'pahadisamaj.nest.net.np'. You may need to add 'pahadisamaj.nest.net.np' to ALLOWED_HOSTS.
Bad Request: /
Invalid HTTP_HOST header: 'pahadisamaj.nest.net.np'. You may need to add 'pahadisamaj.nest.net.np' to ALLOWED_HOSTS.
Traceback (most recent call last):
  File "/home7/pahadisa/virtualenv/notice_board_project/3.9/lib/python3.9/site-packages/django/core/handlers/exception.py", line 55, in inner
    response = get_response(request)
  File "/home7/pahadisa/virtualenv/notice_board_project/3.9/lib/python3.9/site-packages/django/utils/deprecation.py", line 133, in __call__
    response = self.process_request(request)
  File "/home7/pahadisa/virtualenv/notice_board_project/3.9/lib/python3.9/site-packages/django/middleware/common.py", line 48, in process_request
    host = request.get_host()
  File "/home7/pahadisa/virtualenv/notice_board_project/3.9/lib/python3.9/site-packages/django/http/request.py", line 150, in get_host
    raise DisallowedHost(msg)
django.core.exceptions.DisallowedHost: Invalid HTTP_HOST header: 'pahadisamaj.nest.net.np'. You may need to add 'pahadisamaj.nest.net.np' to ALLOWED_HOSTS.
Bad Request: /
Not Found: /
Not Found: /favicon.ico
Not Found: /
Internal Server Error: /Homepage/home/
Traceback (most recent call last):
  File "/home7/pahadisa/virtualenv/notice_board_project/3.9/lib/python3.9/site-packages/django/core/handlers/exception.py", line 55, in inner
    response = get_response(request)
  File "/home7/pahadisa/virtualenv/notice_board_project/3.9/lib/python3.9/site-packages/django/core/handlers/base.py", line 197, in _get_response
    response = wrapped_callback(request, *callback_args, **callback_kwargs)
  File "/home7/pahadisa/notice_board_project/Homepage/views.py", line 4, in homepage
    return render(request, 'index.html')
  File "/home7/pahadisa/virtualenv/notice_board_project/3.9/lib/python3.9/site-packages/django/shortcuts.py", line 24, in render
    content = loader.render_to_string(template_name, context, request, using=using)
  File "/home7/pahadisa/virtualenv/notice_board_project/3.9/lib/python3.9/site-packages/django/template/loader.py", line 61, in render_to_string
    template = get_template(template_name, using=using)
  File "/home7/pahadisa/virtualenv/notice_board_project/3.9/lib/python3.9/site-packages/django/template/loader.py", line 19, in get_template
    raise TemplateDoesNotExist(template_name, chain=chain)
django.template.exceptions.TemplateDoesNotExist: index.html
Not Found: /homepage/home/
Internal Server Error: /notice/
Traceback (most recent call last):
  File "/home7/pahadisa/virtualenv/notice_board_project/3.9/lib/python3.9/site-packages/django/core/handlers/exception.py", line 55, in inner
    response = get_response(request)
  File "/home7/pahadisa/virtualenv/notice_board_project/3.9/lib/python3.9/site-packages/django/core/handlers/base.py", line 197, in _get_response
    response = wrapped_callback(request, *callback_args, **callback_kwargs)
  File "/home7/pahadisa/notice_board_project/notice_board_app/views.py", line 8, in notice_list
    return render(request, 'notice_list.html', {'notices': notices})
  File "/home7/pahadisa/virtualenv/notice_board_project/3.9/lib/python3.9/site-packages/django/shortcuts.py", line 24, in render
    content = loader.render_to_string(template_name, context, request, using=using)
  File "/home7/pahadisa/virtualenv/notice_board_project/3.9/lib/python3.9/site-packages/django/template/loader.py", line 61, in render_to_string
    template = get_template(template_name, using=using)
  File "/home7/pahadisa/virtualenv/notice_board_project/3.9/lib/python3.9/site-packages/django/template/loader.py", line 19, in get_template
    raise TemplateDoesNotExist(template_name, chain=chain)
django.template.exceptions.TemplateDoesNotExist: notice_list.html
Not Found: /notice/notice_list
Not Found: /Homepage
Not Found: /Homepage/
Internal Server Error: /Homepage/home/
Traceback (most recent call last):
  File "/home7/pahadisa/virtualenv/notice_board_project/3.9/lib/python3.9/site-packages/django/core/handlers/exception.py", line 55, in inner
    response = get_response(request)
  File "/home7/pahadisa/virtualenv/notice_board_project/3.9/lib/python3.9/site-packages/django/core/handlers/base.py", line 197, in _get_response
    response = wrapped_callback(request, *callback_args, **callback_kwargs)
  File "/home7/pahadisa/notice_board_project/Homepage/views.py", line 4, in homepage
    return render(request, 'index.html')
  File "/home7/pahadisa/virtualenv/notice_board_project/3.9/lib/python3.9/site-packages/django/shortcuts.py", line 24, in render
    content = loader.render_to_string(template_name, context, request, using=using)
  File "/home7/pahadisa/virtualenv/notice_board_project/3.9/lib/python3.9/site-packages/django/template/loader.py", line 61, in render_to_string
    template = get_template(template_name, using=using)
  File "/home7/pahadisa/virtualenv/notice_board_project/3.9/lib/python3.9/site-packages/django/template/loader.py", line 19, in get_template
    raise TemplateDoesNotExist(template_name, chain=chain)
django.template.exceptions.TemplateDoesNotExist: index.html
Internal Server Error: /Homepage/home/
Traceback (most recent call last):
  File "/home7/pahadisa/virtualenv/notice_board_project/3.9/lib/python3.9/site-packages/django/core/handlers/exception.py", line 55, in inner
    response = get_response(request)
  File "/home7/pahadisa/virtualenv/notice_board_project/3.9/lib/python3.9/site-packages/django/core/handlers/base.py", line 197, in _get_response
    response = wrapped_callback(request, *callback_args, **callback_kwargs)
  File "/home7/pahadisa/notice_board_project/Homepage/views.py", line 4, in homepage
    return render(request, 'index.html')
  File "/home7/pahadisa/virtualenv/notice_board_project/3.9/lib/python3.9/site-packages/django/shortcuts.py", line 24, in render
    content = loader.render_to_string(template_name, context, request, using=using)
  File "/home7/pahadisa/virtualenv/notice_board_project/3.9/lib/python3.9/site-packages/django/template/loader.py", line 61, in render_to_string
    template = get_template(template_name, using=using)
  File "/home7/pahadisa/virtualenv/notice_board_project/3.9/lib/python3.9/site-packages/django/template/loader.py", line 19, in get_template
    raise TemplateDoesNotExist(template_name, chain=chain)
django.template.exceptions.TemplateDoesNotExist: index.html
Internal Server Error: /Homepage/home/
Traceback (most recent call last):
  File "/home7/pahadisa/virtualenv/notice_board_project/3.9/lib/python3.9/site-packages/django/core/handlers/exception.py", line 55, in inner
    response = get_response(request)
  File "/home7/pahadisa/virtualenv/notice_board_project/3.9/lib/python3.9/site-packages/django/core/handlers/base.py", line 197, in _get_response
    response = wrapped_callback(request, *callback_args, **callback_kwargs)
  File "/home7/pahadisa/notice_board_project/Homepage/views.py", line 4, in homepage
    return render(request, 'index.html')
  File "/home7/pahadisa/virtualenv/notice_board_project/3.9/lib/python3.9/site-packages/django/shortcuts.py", line 24, in render
    content = loader.render_to_string(template_name, context, request, using=using)
  File "/home7/pahadisa/virtualenv/notice_board_project/3.9/lib/python3.9/site-packages/django/template/loader.py", line 61, in render_to_string
    template = get_template(template_name, using=using)
  File "/home7/pahadisa/virtualenv/notice_board_project/3.9/lib/python3.9/site-packages/django/template/loader.py", line 19, in get_template
    raise TemplateDoesNotExist(template_name, chain=chain)
django.template.exceptions.TemplateDoesNotExist: index.html
Internal Server Error: /Homepage/home/
Traceback (most recent call last):
  File "/home7/pahadisa/virtualenv/notice_board_project/3.9/lib/python3.9/site-packages/django/core/handlers/exception.py", line 55, in inner
    response = get_response(request)
  File "/home7/pahadisa/virtualenv/notice_board_project/3.9/lib/python3.9/site-packages/django/core/handlers/base.py", line 197, in _get_response
    response = wrapped_callback(request, *callback_args, **callback_kwargs)
  File "/home7/pahadisa/notice_board_project/Homepage/views.py", line 4, in homepage
    return render(request, 'index.html')
  File "/home7/pahadisa/virtualenv/notice_board_project/3.9/lib/python3.9/site-packages/django/shortcuts.py", line 24, in render
    content = loader.render_to_string(template_name, context, request, using=using)
  File "/home7/pahadisa/virtualenv/notice_board_project/3.9/lib/python3.9/site-packages/django/template/loader.py", line 61, in render_to_string
    template = get_template(template_name, using=using)
  File "/home7/pahadisa/virtualenv/notice_board_project/3.9/lib/python3.9/site-packages/django/template/loader.py", line 19, in get_template
    raise TemplateDoesNotExist(template_name, chain=chain)
django.template.exceptions.TemplateDoesNotExist: index.html
Not Found: /
Internal Server Error: /Homepage/home/
Traceback (most recent call last):
  File "/home7/pahadisa/virtualenv/notice_board_project/3.9/lib/python3.9/site-packages/django/core/handlers/exception.py", line 55, in inner
    response = get_response(request)
  File "/home7/pahadisa/virtualenv/notice_board_project/3.9/lib/python3.9/site-packages/django/core/handlers/base.py", line 197, in _get_response
    response = wrapped_callback(request, *callback_args, **callback_kwargs)
  File "/home7/pahadisa/notice_board_project/Homepage/views.py", line 4, in homepage
    return render(request, 'index.html')
  File "/home7/pahadisa/virtualenv/notice_board_project/3.9/lib/python3.9/site-packages/django/shortcuts.py", line 24, in render
    content = loader.render_to_string(template_name, context, request, using=using)
  File "/home7/pahadisa/virtualenv/notice_board_project/3.9/lib/python3.9/site-packages/django/template/loader.py", line 61, in render_to_string
    template = get_template(template_name, using=using)
  File "/home7/pahadisa/virtualenv/notice_board_project/3.9/lib/python3.9/site-packages/django/template/loader.py", line 19, in get_template
    raise TemplateDoesNotExist(template_name, chain=chain)
django.template.exceptions.TemplateDoesNotExist: index.html
Not Found: /notice_board_project/static/admin/css/base.css
Not Found: /notice_board_project/static/admin/js/nav_sidebar.js
Not Found: /notice_board_project/static/admin/css/dark_mode.css
Not Found: /notice_board_project/static/admin/css/nav_sidebar.css
Not Found: /notice_board_project/static/admin/css/login.css
Not Found: /notice_board_project/static/admin/css/responsive.css
Not Found: /notice_board_project/static/admin/js/theme.js
Internal Server Error: /Homepage/home/
Traceback (most recent call last):
  File "/home7/pahadisa/virtualenv/notice_board_project/3.9/lib/python3.9/site-packages/django/core/handlers/exception.py", line 55, in inner
    response = get_response(request)
  File "/home7/pahadisa/virtualenv/notice_board_project/3.9/lib/python3.9/site-packages/django/core/handlers/base.py", line 197, in _get_response
    response = wrapped_callback(request, *callback_args, **callback_kwargs)
  File "/home7/pahadisa/notice_board_project/Homepage/views.py", line 4, in homepage
    return render(request, 'index.html')
  File "/home7/pahadisa/virtualenv/notice_board_project/3.9/lib/python3.9/site-packages/django/shortcuts.py", line 24, in render
    content = loader.render_to_string(template_name, context, request, using=using)
  File "/home7/pahadisa/virtualenv/notice_board_project/3.9/lib/python3.9/site-packages/django/template/loader.py", line 61, in render_to_string
    template = get_template(template_name, using=using)
  File "/home7/pahadisa/virtualenv/notice_board_project/3.9/lib/python3.9/site-packages/django/template/loader.py", line 19, in get_template
    raise TemplateDoesNotExist(template_name, chain=chain)
django.template.exceptions.TemplateDoesNotExist: index.html
Internal Server Error: /Homepage/home/
Traceback (most recent call last):
  File "/home7/pahadisa/virtualenv/notice_board_project/3.9/lib/python3.9/site-packages/django/core/handlers/exception.py", line 55, in inner
    response = get_response(request)
  File "/home7/pahadisa/virtualenv/notice_board_project/3.9/lib/python3.9/site-packages/django/core/handlers/base.py", line 197, in _get_response
    response = wrapped_callback(request, *callback_args, **callback_kwargs)
  File "/home7/pahadisa/notice_board_project/Homepage/views.py", line 4, in homepage
    return render(request, 'index.html')
  File "/home7/pahadisa/virtualenv/notice_board_project/3.9/lib/python3.9/site-packages/django/shortcuts.py", line 24, in render
    content = loader.render_to_string(template_name, context, request, using=using)
  File "/home7/pahadisa/virtualenv/notice_board_project/3.9/lib/python3.9/site-packages/django/template/loader.py", line 61, in render_to_string
    template = get_template(template_name, using=using)
  File "/home7/pahadisa/virtualenv/notice_board_project/3.9/lib/python3.9/site-packages/django/template/loader.py", line 19, in get_template
    raise TemplateDoesNotExist(template_name, chain=chain)
django.template.exceptions.TemplateDoesNotExist: index.html
Not Found: /notice_board_project/static/css/style.css
Not Found: /notice_board_project/static/lib/ionicons/css/ionicons.min.css
Not Found: /notice_board_project/static/lib/bootstrap/css/bootstrap.min.css
Not Found: /notice_board_project/static/images/logo.png
Not Found: /notice_board_project/static/lib/owlcarousel/assets/owl.carousel.min.css
Not Found: /notice_board_project/static/lib/lightbox/css/lightbox.min.css
Not Found: /notice_board_project/static/js/main.js
Not Found: /notice_board_project/static/images/img1.jpg
Not Found: /notice_board_project/static/images/img2.jpg
Not Found: /notice_board_project/static/lib/jquery/jquery.min.js
Not Found: /notice_board_project/static/lib/waypoints/waypoints.min.js
Not Found: /notice_board_project/static/lib/jquery/jquery-migrate.min.js
Not Found: /notice_board_project/static/lib/easing/easing.min.js
Not Found: /notice_board_project/static/lib/bootstrap/js/bootstrap.bundle.min.js
Not Found: /notice_board_project/static/lib/counterup/counterup.min.js
Not Found: /notice_board_project/static/lib/owlcarousel/owl.carousel.min.js
Not Found: /notice_board_project/static/images/img6.jpg
Not Found: /notice_board_project/static/lib/lightbox/js/lightbox.min.js
Not Found: /notice_board_project/static/images/img5.jpg
Not Found: /notice_board_project/static/images/img3.jpg
Not Found: /notice_board_project/static/images/img4.jpg
Not Found: /notice_board_project/static/images/img7.jpg
Not Found: /notice_board_project/static/images/president.png
Not Found: /notice_board_project/static/images/firstupa.jpg
Not Found: /notice_board_project/static/images/norbu.png
Not Found: /notice_board_project/static/images/sarila.png
Not Found: /notice_board_project/static/images/birbal.png
Not Found: /notice_board_project/static/images/chandra.png
Not Found: /notice_board_project/static/images/lila.png
Not Found: /notice_board_project/static/images/laxmi.png
Not Found: /notice_board_project/static/images/roshan.png
Not Found: /Homepage/home/images/testimonial-1.jpg
Not Found: /Homepage/home/images/testimonial-2.jpg
Not Found: /notice_board_project/static/images/foot.jpg
Not Found: /Homepage/home/images/testimonial-3.jpg
Not Found: /notice_board_project/static/images/image.png
Not Found: /notice_board_project/static/styles.css
Not Found: /notice_board_project/static/logo.png
Not Found: /
Not Found: /
Not Found: /
Not Found: /
Not Found: /favicon.ico
Not Found: /Homepage
Not Found: /Homepage/
Not Found: /home/
Not Found: /notice_board_project/static/styles.css
Not Found: /notice_board_project/static/logo.png
Not Found: /notice_board_project/static/styles.css
Not Found: /notice_board_project/static/styles.css
Not Found: /notice_board_project/static/styles.css
Not Found: /notice_board_project/static/admin/css/base.css
Not Found: /notice_board_project/static/admin/css/dark_mode.css
Not Found: /notice_board_project/static/admin/css/nav_sidebar.css
Not Found: /notice_board_project/static/admin/js/nav_sidebar.js
Not Found: /notice_board_project/static/admin/css/responsive.css
Not Found: /notice_board_project/static/admin/css/login.css
Not Found: /notice_board_project/static/admin/js/theme.js
Not Found: /notice_board_project/static/admin/css/base.css
Not Found: /notice_board_project/static/admin/js/theme.js
Not Found: /notice_board_project/static/admin/css/login.css
Not Found: /notice_board_project/static/admin/css/responsive.css
Not Found: /notice_board_project/static/admin/js/nav_sidebar.js
Not Found: /notice_board_project/static/admin/css/dark_mode.css
Not Found: /notice_board_project/static/admin/css/nav_sidebar.css
Not Found: /notice_board_project/static/admin/js/theme.js
Not Found: /notice_board_project/static/css/style.css
Not Found: /notice_board_project/static/lib/bootstrap/css/bootstrap.min.css
Not Found: /notice_board_project/static/lib/lightbox/css/lightbox.min.css
Not Found: /notice_board_project/static/lib/ionicons/css/ionicons.min.css
Not Found: /notice_board_project/static/js/main.js
Not Found: /notice_board_project/static/lib/owlcarousel/assets/owl.carousel.min.css
Not Found: /notice_board_project/static/images/logo.png
Not Found: /notice_board_project/static/images/img1.jpg
Not Found: /notice_board_project/static/lib/jquery/jquery-migrate.min.js
Not Found: /notice_board_project/static/lib/bootstrap/js/bootstrap.bundle.min.js
Not Found: /notice_board_project/static/lib/jquery/jquery.min.js
Not Found: /notice_board_project/static/images/img3.jpg
Not Found: /notice_board_project/static/images/img4.jpg
Not Found: /notice_board_project/static/images/img2.jpg
Not Found: /notice_board_project/static/lib/easing/easing.min.js
Not Found: /notice_board_project/static/lib/counterup/counterup.min.js
Not Found: /notice_board_project/static/lib/waypoints/waypoints.min.js
Not Found: /notice_board_project/static/lib/lightbox/js/lightbox.min.js
Not Found: /notice_board_project/static/lib/owlcarousel/owl.carousel.min.js
Not Found: /notice_board_project/static/images/img5.jpg
Not Found: /notice_board_project/static/images/img6.jpg
Not Found: /notice_board_project/static/images/img7.jpg
Not Found: /notice_board_project/static/images/firstupa.jpg
Not Found: /notice_board_project/static/images/sarila.png
Not Found: /notice_board_project/static/images/president.png
Not Found: /notice_board_project/static/images/birbal.png
Not Found: /notice_board_project/static/images/chandra.png
Not Found: /notice_board_project/static/images/lila.png
Not Found: /notice_board_project/static/images/norbu.png
Not Found: /notice_board_project/static/images/roshan.png
Not Found: /notice_board_project/static/images/laxmi.png
Not Found: /Homepage/home/images/testimonial-1.jpg
Not Found: /notice_board_project/static/images/foot.jpg
Not Found: /Homepage/home/images/testimonial-3.jpg
Not Found: /Homepage/home/images/testimonial-2.jpg
Not Found: /static/css/style.css
Not Found: /static/lib/bootstrap/css/bootstrap.min.css
Not Found: /static/lib/ionicons/css/ionicons.min.css
Not Found: /static/lib/owlcarousel/assets/owl.carousel.min.css
Not Found: /static/lib/lightbox/css/lightbox.min.css
Not Found: /static/js/main.js
Not Found: /static/images/logo.png
Not Found: /static/images/img1.jpg
Not Found: /static/lib/bootstrap/css/bootstrap.min.css
Not Found: /static/images/img2.jpg
Not Found: /static/images/img3.jpg
Not Found: /static/images/img4.jpg
Not Found: /static/lib/jquery/jquery.min.js
Not Found: /static/lib/counterup/counterup.min.js
Not Found: /static/lib/owlcarousel/owl.carousel.min.js
Not Found: /static/lib/lightbox/js/lightbox.min.js
Not Found: /static/lib/jquery/jquery-migrate.min.js
Not Found: /static/lib/easing/easing.min.js
Not Found: /static/lib/waypoints/waypoints.min.js
Not Found: /static/images/president.png
Not Found: /static/images/img7.jpg
Not Found: /static/lib/bootstrap/js/bootstrap.bundle.min.js
Not Found: /static/images/img5.jpg
Not Found: /static/images/img6.jpg
Not Found: /static/images/sarila.png
Not Found: /static/images/birbal.png
Not Found: /static/images/firstupa.jpg
Not Found: /static/images/chandra.png
Not Found: /static/images/roshan.png
Not Found: /static/images/norbu.png
Not Found: /static/images/laxmi.png
Not Found: /static/images/lila.png
Not Found: /static/images/foot.jpg
Not Found: /Homepage/home/images/testimonial-1.jpg
Not Found: /Homepage/home/images/testimonial-2.jpg
Not Found: /Homepage/home/images/testimonial-3.jpg
Not Found: /static/images/image.png
Not Found: /static/admin/css/base.css
Not Found: /static/admin/css/dark_mode.css
Not Found: /static/admin/css/login.css
Not Found: /static/admin/css/nav_sidebar.css
Not Found: /static/admin/css/responsive.css
Not Found: /static/admin/js/theme.js
Not Found: /static/admin/js/nav_sidebar.js
Not Found: /static/admin/css/dark_mode.css
Not Found: /static/admin/css/base.css
Not Found: /static/admin/css/nav_sidebar.css
Not Found: /static/admin/css/login.css
Not Found: /static/admin/css/responsive.css
Not Found: /static/admin/js/theme.js
Not Found: /static/admin/js/nav_sidebar.js
Not Found: /notice_board_project/static/admin/css/nav_sidebar.css
Not Found: /notice_board_project/static/admin/css/responsive.css
Not Found: /notice_board_project/static/admin/css/login.css
Not Found: /notice_board_project/static/admin/css/base.css
Not Found: /notice_board_project/static/admin/css/dark_mode.css
Not Found: /notice_board_project/static/admin/js/nav_sidebar.js
Not Found: /notice_board_project/static/admin/js/theme.js
Not Found: /Homepage/home/images/testimonial-1.jpg
Not Found: /Homepage/home/images/testimonial-2.jpg
Not Found: /Homepage/home/images/testimonial-3.jpg
Not Found: /
Not Found: /Homepage/home/images/testimonial-3.jpg
Not Found: /Homepage/home/images/testimonial-2.jpg
Not Found: /Homepage/home/images/testimonial-1.jpg
Not Found: /media/Photos/notice1.jpg
Not Found: /media/Photos/Khandadevi_1650003108.jpg
Not Found: /
Not Found: /home
Not Found: /homepage
Not Found: /Homepage
Not Found: /Homepage/
Not Found: /Homepage/hme
[UID:2315][2039167] Reached max children process limit: 6, extra: 2, current: 8, busy: 7, please increase LSAPI_CHILDREN.
[UID:2315][2039167] Reached max children process limit: 6, extra: 2, current: 8, busy: 8, please increase LSAPI_CHILDREN.
[UID:2315][2039167] Reached max children process limit: 6, extra: 2, current: 8, busy: 8, please increase LSAPI_CHILDREN.
[UID:2315][2039167] Reached max children process limit: 6, extra: 2, current: 8, busy: 8, please increase LSAPI_CHILDREN.
[UID:2315][2039167] Reached max children process limit: 6, extra: 2, current: 8, busy: 8, please increase LSAPI_CHILDREN.
Not Found: /Homepage/home/images/testimonial-1.jpg
Not Found: /Homepage/home/images/testimonial-2.jpg
Not Found: /Homepage/home/images/testimonial-3.jpg
[UID:2315][2039167] Reached max children process limit: 6, extra: 2, current: 8, busy: 8, please increase LSAPI_CHILDREN.
[UID:2315][2039167] Reached max children process limit: 6, extra: 2, current: 8, busy: 8, please increase LSAPI_CHILDREN.
[UID:2315][2039167] Reached max children process limit: 6, extra: 2, current: 8, busy: 8, please increase LSAPI_CHILDREN.
[UID:2315][2039167] Reached max children process limit: 6, extra: 2, current: 8, busy: 8, please increase LSAPI_CHILDREN.
[UID:2315][2039167] Reached max children process limit: 6, extra: 2, current: 8, busy: 8, please increase LSAPI_CHILDREN.
[UID:2315][2039167] Reached max children process limit: 6, extra: 2, current: 8, busy: 8, please increase LSAPI_CHILDREN.
[UID:2315][2039167] Reached max children process limit: 6, extra: 2, current: 8, busy: 8, please increase LSAPI_CHILDREN.
[UID:2315][2039167] Reached max children process limit: 6, extra: 2, current: 8, busy: 8, please increase LSAPI_CHILDREN.
[UID:2315][2039167] Reached max children process limit: 6, extra: 2, current: 8, busy: 8, please increase LSAPI_CHILDREN.
[UID:2315][2039167] Reached max children process limit: 6, extra: 2, current: 8, busy: 8, please increase LSAPI_CHILDREN.
[UID:2315][2039167] Reached max children process limit: 6, extra: 2, current: 8, busy: 8, please increase LSAPI_CHILDREN.
[UID:2315][2039167] Reached max children process limit: 6, extra: 2, current: 8, busy: 8, please increase LSAPI_CHILDREN.
[UID:2315][2039167] Reached max children process limit: 6, extra: 2, current: 8, busy: 8, please increase LSAPI_CHILDREN.
[UID:2315][2039167] Reached max children process limit: 6, extra: 2, current: 8, busy: 8, please increase LSAPI_CHILDREN.
[UID:2315][2039167] Reached max children process limit: 6, extra: 2, current: 8, busy: 8, please increase LSAPI_CHILDREN.
[UID:2315][2039167] Reached max children process limit: 6, extra: 2, current: 8, busy: 8, please increase LSAPI_CHILDREN.
[UID:2315][2039167] Reached max children process limit: 6, extra: 2, current: 8, busy: 7, please increase LSAPI_CHILDREN.
[UID:2315][2039167] Reached max children process limit: 6, extra: 2, current: 8, busy: 7, please increase LSAPI_CHILDREN.
[UID:2315][2039167] Reached max children process limit: 6, extra: 2, current: 8, busy: 8, please increase LSAPI_CHILDREN.
[UID:2315][2039167] Reached max children process limit: 6, extra: 2, current: 8, busy: 8, please increase LSAPI_CHILDREN.
[UID:2315][2039167] Reached max children process limit: 6, extra: 2, current: 8, busy: 8, please increase LSAPI_CHILDREN.
[UID:2315][2039167] Reached max children process limit: 6, extra: 2, current: 8, busy: 8, please increase LSAPI_CHILDREN.
[UID:2315][2039167] Reached max children process limit: 6, extra: 2, current: 8, busy: 8, please increase LSAPI_CHILDREN.
[UID:2315][2039167] Reached max children process limit: 6, extra: 2, current: 8, busy: 8, please increase LSAPI_CHILDREN.
[UID:2315][2039167] Reached max children process limit: 6, extra: 2, current: 8, busy: 8, please increase LSAPI_CHILDREN.
[UID:2315][2039167] Reached max children process limit: 6, extra: 2, current: 8, busy: 8, please increase LSAPI_CHILDREN.
[UID:2315][2039167] Reached max children process limit: 6, extra: 2, current: 8, busy: 8, please increase LSAPI_CHILDREN.
[UID:2315][2039167] Reached max children process limit: 6, extra: 2, current: 8, busy: 8, please increase LSAPI_CHILDREN.
[UID:2315][2039167] Reached max children process limit: 6, extra: 2, current: 8, busy: 7, please increase LSAPI_CHILDREN.
Not Found: /Homepage/home/images/testimonial-3.jpg
Not Found: /Homepage/home/images/testimonial-2.jpg
Not Found: /Homepage/home/images/testimonial-1.jpg
Not Found: /media/Photos/Scan-6.jpg
Not Found: /Homepage/home/images/testimonial-1.jpg
Not Found: /Homepage/home/images/testimonial-3.jpg
Not Found: /Homepage/home/images/testimonial-2.jpg
Not Found: /media/Photos/Khandadevi_1650003108.jpg
Detected path traversal attempt in '/home7/pahadisa/notice_board_project/media/Khandadevi_1650003108.jpg'
Traceback (most recent call last):
  File "/home7/pahadisa/virtualenv/notice_board_project/3.9/lib/python3.9/site-packages/django/core/handlers/exception.py", line 55, in inner
    response = get_response(request)
  File "/home7/pahadisa/virtualenv/notice_board_project/3.9/lib/python3.9/site-packages/django/core/handlers/base.py", line 197, in _get_response
    response = wrapped_callback(request, *callback_args, **callback_kwargs)
  File "/home7/pahadisa/virtualenv/notice_board_project/3.9/lib/python3.9/site-packages/django/contrib/admin/options.py", line 688, in wrapper
    return self.admin_site.admin_view(view)(*args, **kwargs)
  File "/home7/pahadisa/virtualenv/notice_board_project/3.9/lib/python3.9/site-packages/django/utils/decorators.py", line 134, in _wrapper_view
    response = view_func(request, *args, **kwargs)
  File "/home7/pahadisa/virtualenv/notice_board_project/3.9/lib/python3.9/site-packages/django/views/decorators/cache.py", line 62, in _wrapper_view_func
    response = view_func(request, *args, **kwargs)
  File "/home7/pahadisa/virtualenv/notice_board_project/3.9/lib/python3.9/site-packages/django/contrib/admin/sites.py", line 242, in inner
    return view(request, *args, **kwargs)
  File "/home7/pahadisa/virtualenv/notice_board_project/3.9/lib/python3.9/site-packages/django/contrib/admin/options.py", line 1889, in change_view
    return self.changeform_view(request, object_id, form_url, extra_context)
  File "/home7/pahadisa/virtualenv/notice_board_project/3.9/lib/python3.9/site-packages/django/utils/decorators.py", line 46, in _wrapper
    return bound_method(*args, **kwargs)
  File "/home7/pahadisa/virtualenv/notice_board_project/3.9/lib/python3.9/site-packages/django/utils/decorators.py", line 134, in _wrapper_view
    response = view_func(request, *args, **kwargs)
  File "/home7/pahadisa/virtualenv/notice_board_project/3.9/lib/python3.9/site-packages/django/contrib/admin/options.py", line 1747, in changeform_view
    return self._changeform_view(request, object_id, form_url, extra_context)
  File "/home7/pahadisa/virtualenv/notice_board_project/3.9/lib/python3.9/site-packages/django/contrib/admin/options.py", line 1798, in _changeform_view
    self.save_model(request, new_object, form, not add)
  File "/home7/pahadisa/virtualenv/notice_board_project/3.9/lib/python3.9/site-packages/django/contrib/admin/options.py", line 1227, in save_model
    obj.save()
  File "/home7/pahadisa/virtualenv/notice_board_project/3.9/lib/python3.9/site-packages/django/db/models/base.py", line 814, in save
    self.save_base(
  File "/home7/pahadisa/virtualenv/notice_board_project/3.9/lib/python3.9/site-packages/django/db/models/base.py", line 877, in save_base
    updated = self._save_table(
  File "/home7/pahadisa/virtualenv/notice_board_project/3.9/lib/python3.9/site-packages/django/db/models/base.py", line 981, in _save_table
    values = [
  File "/home7/pahadisa/virtualenv/notice_board_project/3.9/lib/python3.9/site-packages/django/db/models/base.py", line 985, in <listcomp>
    (getattr(self, f.attname) if raw else f.pre_save(self, False)),
  File "/home7/pahadisa/virtualenv/notice_board_project/3.9/lib/python3.9/site-packages/django/db/models/fields/files.py", line 317, in pre_save
    file.save(file.name, file.file, save=False)
  File "/home7/pahadisa/virtualenv/notice_board_project/3.9/lib/python3.9/site-packages/django/db/models/fields/files.py", line 92, in save
    name = self.field.generate_filename(self.instance, name)
  File "/home7/pahadisa/virtualenv/notice_board_project/3.9/lib/python3.9/site-packages/django/db/models/fields/files.py", line 336, in generate_filename
    filename = validate_file_name(filename, allow_relative_path=True)
  File "/home7/pahadisa/virtualenv/notice_board_project/3.9/lib/python3.9/site-packages/django/core/files/utils.py", line 18, in validate_file_name
    raise SuspiciousFileOperation(
django.core.exceptions.SuspiciousFileOperation: Detected path traversal attempt in '/home7/pahadisa/notice_board_project/media/Khandadevi_1650003108.jpg'
Bad Request: /admin/NOTICEBOARD/notice/9/change/
Detected path traversal attempt in '/home7/pahadisa/notice_board_project/media/WIN_20230211_21_27_56_Pro.jpg'
Traceback (most recent call last):
  File "/home7/pahadisa/virtualenv/notice_board_project/3.9/lib/python3.9/site-packages/django/core/handlers/exception.py", line 55, in inner
    response = get_response(request)
  File "/home7/pahadisa/virtualenv/notice_board_project/3.9/lib/python3.9/site-packages/django/core/handlers/base.py", line 197, in _get_response
    response = wrapped_callback(request, *callback_args, **callback_kwargs)
  File "/home7/pahadisa/virtualenv/notice_board_project/3.9/lib/python3.9/site-packages/django/contrib/admin/options.py", line 688, in wrapper
    return self.admin_site.admin_view(view)(*args, **kwargs)
  File "/home7/pahadisa/virtualenv/notice_board_project/3.9/lib/python3.9/site-packages/django/utils/decorators.py", line 134, in _wrapper_view
    response = view_func(request, *args, **kwargs)
  File "/home7/pahadisa/virtualenv/notice_board_project/3.9/lib/python3.9/site-packages/django/views/decorators/cache.py", line 62, in _wrapper_view_func
    response = view_func(request, *args, **kwargs)
  File "/home7/pahadisa/virtualenv/notice_board_project/3.9/lib/python3.9/site-packages/django/contrib/admin/sites.py", line 242, in inner
    return view(request, *args, **kwargs)
  File "/home7/pahadisa/virtualenv/notice_board_project/3.9/lib/python3.9/site-packages/django/contrib/admin/options.py", line 1889, in change_view
    return self.changeform_view(request, object_id, form_url, extra_context)
  File "/home7/pahadisa/virtualenv/notice_board_project/3.9/lib/python3.9/site-packages/django/utils/decorators.py", line 46, in _wrapper
    return bound_method(*args, **kwargs)
  File "/home7/pahadisa/virtualenv/notice_board_project/3.9/lib/python3.9/site-packages/django/utils/decorators.py", line 134, in _wrapper_view
    response = view_func(request, *args, **kwargs)
  File "/home7/pahadisa/virtualenv/notice_board_project/3.9/lib/python3.9/site-packages/django/contrib/admin/options.py", line 1747, in changeform_view
    return self._changeform_view(request, object_id, form_url, extra_context)
  File "/home7/pahadisa/virtualenv/notice_board_project/3.9/lib/python3.9/site-packages/django/contrib/admin/options.py", line 1798, in _changeform_view
    self.save_model(request, new_object, form, not add)
  File "/home7/pahadisa/virtualenv/notice_board_project/3.9/lib/python3.9/site-packages/django/contrib/admin/options.py", line 1227, in save_model
    obj.save()
  File "/home7/pahadisa/virtualenv/notice_board_project/3.9/lib/python3.9/site-packages/django/db/models/base.py", line 814, in save
    self.save_base(
  File "/home7/pahadisa/virtualenv/notice_board_project/3.9/lib/python3.9/site-packages/django/db/models/base.py", line 877, in save_base
    updated = self._save_table(
  File "/home7/pahadisa/virtualenv/notice_board_project/3.9/lib/python3.9/site-packages/django/db/models/base.py", line 981, in _save_table
    values = [
  File "/home7/pahadisa/virtualenv/notice_board_project/3.9/lib/python3.9/site-packages/django/db/models/base.py", line 985, in <listcomp>
    (getattr(self, f.attname) if raw else f.pre_save(self, False)),
  File "/home7/pahadisa/virtualenv/notice_board_project/3.9/lib/python3.9/site-packages/django/db/models/fields/files.py", line 317, in pre_save
    file.save(file.name, file.file, save=False)
  File "/home7/pahadisa/virtualenv/notice_board_project/3.9/lib/python3.9/site-packages/django/db/models/fields/files.py", line 92, in save
    name = self.field.generate_filename(self.instance, name)
  File "/home7/pahadisa/virtualenv/notice_board_project/3.9/lib/python3.9/site-packages/django/db/models/fields/files.py", line 336, in generate_filename
    filename = validate_file_name(filename, allow_relative_path=True)
  File "/home7/pahadisa/virtualenv/notice_board_project/3.9/lib/python3.9/site-packages/django/core/files/utils.py", line 18, in validate_file_name
    raise SuspiciousFileOperation(
django.core.exceptions.SuspiciousFileOperation: Detected path traversal attempt in '/home7/pahadisa/notice_board_project/media/WIN_20230211_21_27_56_Pro.jpg'
Bad Request: /admin/NOTICEBOARD/notice/9/change/
Detected path traversal attempt in '/notice_board_project/media/Photos/Khandadevi_1650003108.jpg'
Traceback (most recent call last):
  File "/home7/pahadisa/virtualenv/notice_board_project/3.9/lib/python3.9/site-packages/django/core/handlers/exception.py", line 55, in inner
    response = get_response(request)
  File "/home7/pahadisa/virtualenv/notice_board_project/3.9/lib/python3.9/site-packages/django/core/handlers/base.py", line 197, in _get_response
    response = wrapped_callback(request, *callback_args, **callback_kwargs)
  File "/home7/pahadisa/virtualenv/notice_board_project/3.9/lib/python3.9/site-packages/django/contrib/admin/options.py", line 688, in wrapper
    return self.admin_site.admin_view(view)(*args, **kwargs)
  File "/home7/pahadisa/virtualenv/notice_board_project/3.9/lib/python3.9/site-packages/django/utils/decorators.py", line 134, in _wrapper_view
    response = view_func(request, *args, **kwargs)
  File "/home7/pahadisa/virtualenv/notice_board_project/3.9/lib/python3.9/site-packages/django/views/decorators/cache.py", line 62, in _wrapper_view_func
    response = view_func(request, *args, **kwargs)
  File "/home7/pahadisa/virtualenv/notice_board_project/3.9/lib/python3.9/site-packages/django/contrib/admin/sites.py", line 242, in inner
    return view(request, *args, **kwargs)
  File "/home7/pahadisa/virtualenv/notice_board_project/3.9/lib/python3.9/site-packages/django/contrib/admin/options.py", line 1889, in change_view
    return self.changeform_view(request, object_id, form_url, extra_context)
  File "/home7/pahadisa/virtualenv/notice_board_project/3.9/lib/python3.9/site-packages/django/utils/decorators.py", line 46, in _wrapper
    return bound_method(*args, **kwargs)
  File "/home7/pahadisa/virtualenv/notice_board_project/3.9/lib/python3.9/site-packages/django/utils/decorators.py", line 134, in _wrapper_view
    response = view_func(request, *args, **kwargs)
  File "/home7/pahadisa/virtualenv/notice_board_project/3.9/lib/python3.9/site-packages/django/contrib/admin/options.py", line 1747, in changeform_view
    return self._changeform_view(request, object_id, form_url, extra_context)
  File "/home7/pahadisa/virtualenv/notice_board_project/3.9/lib/python3.9/site-packages/django/contrib/admin/options.py", line 1798, in _changeform_view
    self.save_model(request, new_object, form, not add)
  File "/home7/pahadisa/virtualenv/notice_board_project/3.9/lib/python3.9/site-packages/django/contrib/admin/options.py", line 1227, in save_model
    obj.save()
  File "/home7/pahadisa/virtualenv/notice_board_project/3.9/lib/python3.9/site-packages/django/db/models/base.py", line 814, in save
    self.save_base(
  File "/home7/pahadisa/virtualenv/notice_board_project/3.9/lib/python3.9/site-packages/django/db/models/base.py", line 877, in save_base
    updated = self._save_table(
  File "/home7/pahadisa/virtualenv/notice_board_project/3.9/lib/python3.9/site-packages/django/db/models/base.py", line 981, in _save_table
    values = [
  File "/home7/pahadisa/virtualenv/notice_board_project/3.9/lib/python3.9/site-packages/django/db/models/base.py", line 985, in <listcomp>
    (getattr(self, f.attname) if raw else f.pre_save(self, False)),
  File "/home7/pahadisa/virtualenv/notice_board_project/3.9/lib/python3.9/site-packages/django/db/models/fields/files.py", line 317, in pre_save
    file.save(file.name, file.file, save=False)
  File "/home7/pahadisa/virtualenv/notice_board_project/3.9/lib/python3.9/site-packages/django/db/models/fields/files.py", line 92, in save
    name = self.field.generate_filename(self.instance, name)
  File "/home7/pahadisa/virtualenv/notice_board_project/3.9/lib/python3.9/site-packages/django/db/models/fields/files.py", line 336, in generate_filename
    filename = validate_file_name(filename, allow_relative_path=True)
  File "/home7/pahadisa/virtualenv/notice_board_project/3.9/lib/python3.9/site-packages/django/core/files/utils.py", line 18, in validate_file_name
    raise SuspiciousFileOperation(
django.core.exceptions.SuspiciousFileOperation: Detected path traversal attempt in '/notice_board_project/media/Photos/Khandadevi_1650003108.jpg'
Bad Request: /admin/NOTICEBOARD/notice/9/change/
Detected path traversal attempt in '/notice_board_project/media/Photos/WIN_20230211_21_27_56_Pro.jpg'
Traceback (most recent call last):
  File "/home7/pahadisa/virtualenv/notice_board_project/3.9/lib/python3.9/site-packages/django/core/handlers/exception.py", line 55, in inner
    response = get_response(request)
  File "/home7/pahadisa/virtualenv/notice_board_project/3.9/lib/python3.9/site-packages/django/core/handlers/base.py", line 197, in _get_response
    response = wrapped_callback(request, *callback_args, **callback_kwargs)
  File "/home7/pahadisa/virtualenv/notice_board_project/3.9/lib/python3.9/site-packages/django/contrib/admin/options.py", line 688, in wrapper
    return self.admin_site.admin_view(view)(*args, **kwargs)
  File "/home7/pahadisa/virtualenv/notice_board_project/3.9/lib/python3.9/site-packages/django/utils/decorators.py", line 134, in _wrapper_view
    response = view_func(request, *args, **kwargs)
  File "/home7/pahadisa/virtualenv/notice_board_project/3.9/lib/python3.9/site-packages/django/views/decorators/cache.py", line 62, in _wrapper_view_func
    response = view_func(request, *args, **kwargs)
  File "/home7/pahadisa/virtualenv/notice_board_project/3.9/lib/python3.9/site-packages/django/contrib/admin/sites.py", line 242, in inner
    return view(request, *args, **kwargs)
  File "/home7/pahadisa/virtualenv/notice_board_project/3.9/lib/python3.9/site-packages/django/contrib/admin/options.py", line 1889, in change_view
    return self.changeform_view(request, object_id, form_url, extra_context)
  File "/home7/pahadisa/virtualenv/notice_board_project/3.9/lib/python3.9/site-packages/django/utils/decorators.py", line 46, in _wrapper
    return bound_method(*args, **kwargs)
  File "/home7/pahadisa/virtualenv/notice_board_project/3.9/lib/python3.9/site-packages/django/utils/decorators.py", line 134, in _wrapper_view
    response = view_func(request, *args, **kwargs)
  File "/home7/pahadisa/virtualenv/notice_board_project/3.9/lib/python3.9/site-packages/django/contrib/admin/options.py", line 1747, in changeform_view
    return self._changeform_view(request, object_id, form_url, extra_context)
  File "/home7/pahadisa/virtualenv/notice_board_project/3.9/lib/python3.9/site-packages/django/contrib/admin/options.py", line 1798, in _changeform_view
    self.save_model(request, new_object, form, not add)
  File "/home7/pahadisa/virtualenv/notice_board_project/3.9/lib/python3.9/site-packages/django/contrib/admin/options.py", line 1227, in save_model
    obj.save()
  File "/home7/pahadisa/virtualenv/notice_board_project/3.9/lib/python3.9/site-packages/django/db/models/base.py", line 814, in save
    self.save_base(
  File "/home7/pahadisa/virtualenv/notice_board_project/3.9/lib/python3.9/site-packages/django/db/models/base.py", line 877, in save_base
    updated = self._save_table(
  File "/home7/pahadisa/virtualenv/notice_board_project/3.9/lib/python3.9/site-packages/django/db/models/base.py", line 981, in _save_table
    values = [
  File "/home7/pahadisa/virtualenv/notice_board_project/3.9/lib/python3.9/site-packages/django/db/models/base.py", line 985, in <listcomp>
    (getattr(self, f.attname) if raw else f.pre_save(self, False)),
  File "/home7/pahadisa/virtualenv/notice_board_project/3.9/lib/python3.9/site-packages/django/db/models/fields/files.py", line 317, in pre_save
    file.save(file.name, file.file, save=False)
  File "/home7/pahadisa/virtualenv/notice_board_project/3.9/lib/python3.9/site-packages/django/db/models/fields/files.py", line 92, in save
    name = self.field.generate_filename(self.instance, name)
  File "/home7/pahadisa/virtualenv/notice_board_project/3.9/lib/python3.9/site-packages/django/db/models/fields/files.py", line 336, in generate_filename
    filename = validate_file_name(filename, allow_relative_path=True)
  File "/home7/pahadisa/virtualenv/notice_board_project/3.9/lib/python3.9/site-packages/django/core/files/utils.py", line 18, in validate_file_name
    raise SuspiciousFileOperation(
django.core.exceptions.SuspiciousFileOperation: Detected path traversal attempt in '/notice_board_project/media/Photos/WIN_20230211_21_27_56_Pro.jpg'
Bad Request: /admin/NOTICEBOARD/notice/9/change/
Detected path traversal attempt in '/notice_board_project/media/Photos/WIN_20230211_21_27_56_Pro.jpg'
Traceback (most recent call last):
  File "/home7/pahadisa/virtualenv/notice_board_project/3.9/lib/python3.9/site-packages/django/core/handlers/exception.py", line 55, in inner
    response = get_response(request)
  File "/home7/pahadisa/virtualenv/notice_board_project/3.9/lib/python3.9/site-packages/django/core/handlers/base.py", line 197, in _get_response
    response = wrapped_callback(request, *callback_args, **callback_kwargs)
  File "/home7/pahadisa/virtualenv/notice_board_project/3.9/lib/python3.9/site-packages/django/contrib/admin/options.py", line 688, in wrapper
    return self.admin_site.admin_view(view)(*args, **kwargs)
  File "/home7/pahadisa/virtualenv/notice_board_project/3.9/lib/python3.9/site-packages/django/utils/decorators.py", line 134, in _wrapper_view
    response = view_func(request, *args, **kwargs)
  File "/home7/pahadisa/virtualenv/notice_board_project/3.9/lib/python3.9/site-packages/django/views/decorators/cache.py", line 62, in _wrapper_view_func
    response = view_func(request, *args, **kwargs)
  File "/home7/pahadisa/virtualenv/notice_board_project/3.9/lib/python3.9/site-packages/django/contrib/admin/sites.py", line 242, in inner
    return view(request, *args, **kwargs)
  File "/home7/pahadisa/virtualenv/notice_board_project/3.9/lib/python3.9/site-packages/django/contrib/admin/options.py", line 1889, in change_view
    return self.changeform_view(request, object_id, form_url, extra_context)
  File "/home7/pahadisa/virtualenv/notice_board_project/3.9/lib/python3.9/site-packages/django/utils/decorators.py", line 46, in _wrapper
    return bound_method(*args, **kwargs)
  File "/home7/pahadisa/virtualenv/notice_board_project/3.9/lib/python3.9/site-packages/django/utils/decorators.py", line 134, in _wrapper_view
    response = view_func(request, *args, **kwargs)
  File "/home7/pahadisa/virtualenv/notice_board_project/3.9/lib/python3.9/site-packages/django/contrib/admin/options.py", line 1747, in changeform_view
    return self._changeform_view(request, object_id, form_url, extra_context)
  File "/home7/pahadisa/virtualenv/notice_board_project/3.9/lib/python3.9/site-packages/django/contrib/admin/options.py", line 1798, in _changeform_view
    self.save_model(request, new_object, form, not add)
  File "/home7/pahadisa/virtualenv/notice_board_project/3.9/lib/python3.9/site-packages/django/contrib/admin/options.py", line 1227, in save_model
    obj.save()
  File "/home7/pahadisa/virtualenv/notice_board_project/3.9/lib/python3.9/site-packages/django/db/models/base.py", line 814, in save
    self.save_base(
  File "/home7/pahadisa/virtualenv/notice_board_project/3.9/lib/python3.9/site-packages/django/db/models/base.py", line 877, in save_base
    updated = self._save_table(
  File "/home7/pahadisa/virtualenv/notice_board_project/3.9/lib/python3.9/site-packages/django/db/models/base.py", line 981, in _save_table
    values = [
  File "/home7/pahadisa/virtualenv/notice_board_project/3.9/lib/python3.9/site-packages/django/db/models/base.py", line 985, in <listcomp>
    (getattr(self, f.attname) if raw else f.pre_save(self, False)),
  File "/home7/pahadisa/virtualenv/notice_board_project/3.9/lib/python3.9/site-packages/django/db/models/fields/files.py", line 317, in pre_save
    file.save(file.name, file.file, save=False)
  File "/home7/pahadisa/virtualenv/notice_board_project/3.9/lib/python3.9/site-packages/django/db/models/fields/files.py", line 92, in save
    name = self.field.generate_filename(self.instance, name)
  File "/home7/pahadisa/virtualenv/notice_board_project/3.9/lib/python3.9/site-packages/django/db/models/fields/files.py", line 336, in generate_filename
    filename = validate_file_name(filename, allow_relative_path=True)
  File "/home7/pahadisa/virtualenv/notice_board_project/3.9/lib/python3.9/site-packages/django/core/files/utils.py", line 18, in validate_file_name
    raise SuspiciousFileOperation(
django.core.exceptions.SuspiciousFileOperation: Detected path traversal attempt in '/notice_board_project/media/Photos/WIN_20230211_21_27_56_Pro.jpg'
Bad Request: /admin/NOTICEBOARD/notice/9/change/
Detected path traversal attempt in '/notice_board_project/media/Photos/WIN_20230211_21_27_56_Pro.jpg'
Traceback (most recent call last):
  File "/home7/pahadisa/virtualenv/notice_board_project/3.9/lib/python3.9/site-packages/django/core/handlers/exception.py", line 55, in inner
    response = get_response(request)
  File "/home7/pahadisa/virtualenv/notice_board_project/3.9/lib/python3.9/site-packages/django/core/handlers/base.py", line 197, in _get_response
    response = wrapped_callback(request, *callback_args, **callback_kwargs)
  File "/home7/pahadisa/virtualenv/notice_board_project/3.9/lib/python3.9/site-packages/django/contrib/admin/options.py", line 688, in wrapper
    return self.admin_site.admin_view(view)(*args, **kwargs)
  File "/home7/pahadisa/virtualenv/notice_board_project/3.9/lib/python3.9/site-packages/django/utils/decorators.py", line 134, in _wrapper_view
    response = view_func(request, *args, **kwargs)
  File "/home7/pahadisa/virtualenv/notice_board_project/3.9/lib/python3.9/site-packages/django/views/decorators/cache.py", line 62, in _wrapper_view_func
    response = view_func(request, *args, **kwargs)
  File "/home7/pahadisa/virtualenv/notice_board_project/3.9/lib/python3.9/site-packages/django/contrib/admin/sites.py", line 242, in inner
    return view(request, *args, **kwargs)
  File "/home7/pahadisa/virtualenv/notice_board_project/3.9/lib/python3.9/site-packages/django/contrib/admin/options.py", line 1889, in change_view
    return self.changeform_view(request, object_id, form_url, extra_context)
  File "/home7/pahadisa/virtualenv/notice_board_project/3.9/lib/python3.9/site-packages/django/utils/decorators.py", line 46, in _wrapper
    return bound_method(*args, **kwargs)
  File "/home7/pahadisa/virtualenv/notice_board_project/3.9/lib/python3.9/site-packages/django/utils/decorators.py", line 134, in _wrapper_view
    response = view_func(request, *args, **kwargs)
  File "/home7/pahadisa/virtualenv/notice_board_project/3.9/lib/python3.9/site-packages/django/contrib/admin/options.py", line 1747, in changeform_view
    return self._changeform_view(request, object_id, form_url, extra_context)
  File "/home7/pahadisa/virtualenv/notice_board_project/3.9/lib/python3.9/site-packages/django/contrib/admin/options.py", line 1798, in _changeform_view
    self.save_model(request, new_object, form, not add)
  File "/home7/pahadisa/virtualenv/notice_board_project/3.9/lib/python3.9/site-packages/django/contrib/admin/options.py", line 1227, in save_model
    obj.save()
  File "/home7/pahadisa/virtualenv/notice_board_project/3.9/lib/python3.9/site-packages/django/db/models/base.py", line 814, in save
    self.save_base(
  File "/home7/pahadisa/virtualenv/notice_board_project/3.9/lib/python3.9/site-packages/django/db/models/base.py", line 877, in save_base
    updated = self._save_table(
  File "/home7/pahadisa/virtualenv/notice_board_project/3.9/lib/python3.9/site-packages/django/db/models/base.py", line 981, in _save_table
    values = [
  File "/home7/pahadisa/virtualenv/notice_board_project/3.9/lib/python3.9/site-packages/django/db/models/base.py", line 985, in <listcomp>
    (getattr(self, f.attname) if raw else f.pre_save(self, False)),
  File "/home7/pahadisa/virtualenv/notice_board_project/3.9/lib/python3.9/site-packages/django/db/models/fields/files.py", line 317, in pre_save
    file.save(file.name, file.file, save=False)
  File "/home7/pahadisa/virtualenv/notice_board_project/3.9/lib/python3.9/site-packages/django/db/models/fields/files.py", line 92, in save
    name = self.field.generate_filename(self.instance, name)
  File "/home7/pahadisa/virtualenv/notice_board_project/3.9/lib/python3.9/site-packages/django/db/models/fields/files.py", line 336, in generate_filename
    filename = validate_file_name(filename, allow_relative_path=True)
  File "/home7/pahadisa/virtualenv/notice_board_project/3.9/lib/python3.9/site-packages/django/core/files/utils.py", line 18, in validate_file_name
    raise SuspiciousFileOperation(
django.core.exceptions.SuspiciousFileOperation: Detected path traversal attempt in '/notice_board_project/media/Photos/WIN_20230211_21_27_56_Pro.jpg'
Bad Request: /admin/NOTICEBOARD/notice/9/change/
Not Found: /Homepage/home/images/testimonial-1.jpg
Not Found: /Homepage/home/images/testimonial-2.jpg
Not Found: /Homepage/home/images/testimonial-3.jpg
Not Found: /media/Photos/WIN_20230211_21_27_56_Pro.jpg
Not Found: /media/Photos/WIN_20230211_21_27_56_Pro.jpg
Not Found: /Homepage/home/images/testimonial-1.jpg
Not Found: /Homepage/home/images/testimonial-2.jpg
Not Found: /Homepage/home/images/testimonial-3.jpg
[UID:2315][2172920] Reached max children process limit: 6, extra: 2, current: 8, busy: 8, please increase LSAPI_CHILDREN.
[UID:2315][2172920] Reached max children process limit: 6, extra: 2, current: 8, busy: 8, please increase LSAPI_CHILDREN.
[UID:2315][2172920] Reached max children process limit: 6, extra: 2, current: 8, busy: 8, please increase LSAPI_CHILDREN.
[UID:2315][2172920] Reached max children process limit: 6, extra: 2, current: 8, busy: 8, please increase LSAPI_CHILDREN.
[UID:2315][2172920] Reached max children process limit: 6, extra: 2, current: 8, busy: 8, please increase LSAPI_CHILDREN.
[UID:2315][2172920] Reached max children process limit: 6, extra: 2, current: 8, busy: 8, please increase LSAPI_CHILDREN.
[UID:2315][2172920] Reached max children process limit: 6, extra: 2, current: 8, busy: 8, please increase LSAPI_CHILDREN.
[UID:2315][2172920] Reached max children process limit: 6, extra: 2, current: 8, busy: 8, please increase LSAPI_CHILDREN.
[UID:2315][2172920] Reached max children process limit: 6, extra: 2, current: 8, busy: 8, please increase LSAPI_CHILDREN.
[UID:2315][2172920] Reached max children process limit: 6, extra: 2, current: 8, busy: 8, please increase LSAPI_CHILDREN.
[UID:2315][2172920] Reached max children process limit: 6, extra: 2, current: 8, busy: 7, please increase LSAPI_CHILDREN.
[UID:2315][2172920] Reached max children process limit: 6, extra: 2, current: 8, busy: 8, please increase LSAPI_CHILDREN.
[UID:2315][2172920] Reached max children process limit: 6, extra: 2, current: 8, busy: 8, please increase LSAPI_CHILDREN.
[UID:2315][2172920] Reached max children process limit: 6, extra: 2, current: 8, busy: 7, please increase LSAPI_CHILDREN.
[UID:2315][2172920] Reached max children process limit: 6, extra: 2, current: 8, busy: 7, please increase LSAPI_CHILDREN.
[UID:2315][2172920] Reached max children process limit: 6, extra: 2, current: 8, busy: 7, please increase LSAPI_CHILDREN.
Not Found: /Homepage/home/images/testimonial-1.jpg
Not Found: /Homepage/home/images/testimonial-2.jpg
Not Found: /Homepage/home/images/testimonial-3.jpg
Not Found: /Homepage/home/images/testimonial-1.jpg
Not Found: /Homepage/home/images/testimonial-2.jpg
Not Found: /Homepage/home/images/testimonial-3.jpg
Not Found: /favicon.ico
Not Found: /Homepage/home/images/testimonial-1.jpg
Not Found: /Homepage/home/images/testimonial-2.jpg
Not Found: /Homepage/home/images/testimonial-3.jpg
Not Found: /%20admin
Not Found: /Homepage/home/images/testimonial-1.jpg
Not Found: /Homepage/home/images/testimonial-2.jpg
Not Found: /Homepage/home/images/testimonial-3.jpg
[UID:2315][2172920] Reached max children process limit: 6, extra: 2, current: 8, busy: 8, please increase LSAPI_CHILDREN.
[UID:2315][2172920] Reached max children process limit: 6, extra: 2, current: 8, busy: 8, please increase LSAPI_CHILDREN.
[UID:2315][2172920] Reached max children process limit: 6, extra: 2, current: 8, busy: 8, please increase LSAPI_CHILDREN.
[UID:2315][2172920] Reached max children process limit: 6, extra: 2, current: 8, busy: 8, please increase LSAPI_CHILDREN.
[UID:2315][2172920] Reached max children process limit: 6, extra: 2, current: 8, busy: 8, please increase LSAPI_CHILDREN.
[UID:2315][2172920] Reached max children process limit: 6, extra: 2, current: 8, busy: 7, please increase LSAPI_CHILDREN.
[UID:2315][2172920] Reached max children process limit: 6, extra: 2, current: 8, busy: 7, please increase LSAPI_CHILDREN.
[UID:2315][2172920] Reached max children process limit: 6, extra: 2, current: 8, busy: 7, please increase LSAPI_CHILDREN.
Not Found: /Homepage/home/images/testimonial-1.jpg
Not Found: /Homepage/home/images/testimonial-3.jpg
Not Found: /Homepage/home/images/testimonial-2.jpg
Not Found: /
[UID:2315][2172920] Reached max children process limit: 6, extra: 2, current: 8, busy: 7, please increase LSAPI_CHILDREN.
[UID:2315][2172920] Reached max children process limit: 6, extra: 2, current: 8, busy: 8, please increase LSAPI_CHILDREN.
[UID:2315][2172920] Reached max children process limit: 6, extra: 2, current: 8, busy: 8, please increase LSAPI_CHILDREN.
[UID:2315][2172920] Reached max children process limit: 6, extra: 2, current: 8, busy: 8, please increase LSAPI_CHILDREN.
[UID:2315][2172920] Reached max children process limit: 6, extra: 2, current: 8, busy: 8, please increase LSAPI_CHILDREN.
[UID:2315][2172920] Reached max children process limit: 6, extra: 2, current: 8, busy: 8, please increase LSAPI_CHILDREN.
[UID:2315][2172920] Reached max children process limit: 6, extra: 2, current: 8, busy: 8, please increase LSAPI_CHILDREN.
[UID:2315][2172920] Reached max children process limit: 6, extra: 2, current: 8, busy: 8, please increase LSAPI_CHILDREN.
[UID:2315][2172920] Reached max children process limit: 6, extra: 2, current: 8, busy: 8, please increase LSAPI_CHILDREN.
[UID:2315][2172920] Reached max children process limit: 6, extra: 2, current: 8, busy: 8, please increase LSAPI_CHILDREN.
[UID:2315][2172920] Reached max children process limit: 6, extra: 2, current: 8, busy: 8, please increase LSAPI_CHILDREN.
[UID:2315][2172920] Reached max children process limit: 6, extra: 2, current: 8, busy: 8, please increase LSAPI_CHILDREN.
[UID:2315][2172920] Reached max children process limit: 6, extra: 2, current: 8, busy: 7, please increase LSAPI_CHILDREN.
[UID:2315][2172920] Child process with pid: 2214881 was killed by signal: 15, core dumped: no
[UID:2315][2172920] Child process with pid: 2214879 was killed by signal: 15, core dumped: no
Not Found: /Homepage/home/images/testimonial-1.jpg
Not Found: /Homepage/home/images/testimonial-2.jpg
Not Found: /Homepage/home/images/testimonial-3.jpg
[UID:2315][2172920] Child process with pid: 2214907 was killed by signal: 15, core dumped: no
[UID:2315][2172920] Child process with pid: 2214878 was killed by signal: 15, core dumped: no
[UID:2315][2172920] Child process with pid: 2214880 was killed by signal: 15, core dumped: no
[UID:2315][2172920] Child process with pid: 2214906 was killed by signal: 15, core dumped: no
[UID:2315][2172920] Child process with pid: 2215589 was killed by signal: 15, core dumped: no
[UID:2315][2172920] Child process with pid: 2215588 was killed by signal: 15, core dumped: no
Not Found: //Homepage/home
Not Found: /Homepage/home/images/testimonial-1.jpg
Not Found: /Homepage/home/images/testimonial-2.jpg
Not Found: /Homepage/home/images/testimonial-3.jpg
Not Found: //Homepage/home/
Not Found: /Homepage/home/
Not Found: /Homepage/home/
Not Found: /
Not Found: /
Not Found: /Homepage/home/images/testimonial-1.jpg
Not Found: /Homepage/home/images/testimonial-2.jpg
Not Found: /Homepage/home/images/testimonial-3.jpg
Not Found: /
Not Found: /
Not Found: /Homepage/home/images/testimonial-1.jpg
Not Found: /Homepage/home/images/testimonial-2.jpg
Not Found: /Homepage/home/images/testimonial-3.jpg
Not Found: /
Not Found: /Homepage/home/images/testimonial-1.jpg
Not Found: /Homepage/home/images/testimonial-2.jpg
Not Found: /Homepage/home/images/testimonial-3.jpg
Not Found: /Homepage/home/images/testimonial-1.jpg
Not Found: /Homepage/home/images/testimonial-2.jpg
Not Found: /Homepage/home/images/testimonial-3.jpg
Not Found: /
Not Found: /
Not Found: /Homepage/home/images/testimonial-3.jpg
Not Found: /Homepage/home/images/testimonial-1.jpg
Not Found: /Homepage/home/images/testimonial-2.jpg
[UID:2315][2322543] Reached max children process limit: 6, extra: 2, current: 8, busy: 8, please increase LSAPI_CHILDREN.
[UID:2315][2322543] Reached max children process limit: 6, extra: 2, current: 8, busy: 8, please increase LSAPI_CHILDREN.
[UID:2315][2322543] Reached max children process limit: 6, extra: 2, current: 8, busy: 8, please increase LSAPI_CHILDREN.
[UID:2315][2322543] Reached max children process limit: 6, extra: 2, current: 8, busy: 8, please increase LSAPI_CHILDREN.
[UID:2315][2322543] Reached max children process limit: 6, extra: 2, current: 8, busy: 8, please increase LSAPI_CHILDREN.
Not Found: /Homepage/home/images/testimonial-1.jpg
Not Found: /Homepage/home/images/testimonial-3.jpg
Not Found: /Homepage/home/images/testimonial-2.jpg
Not Found: /
[UID:2315][2322543] Child process with pid: 2334690 was killed by signal: 15, core dumped: no
[UID:2315][2322543] Child process with pid: 2334685 was killed by signal: 15, core dumped: no
[UID:2315][2322543] Child process with pid: 2333627 was killed by signal: 15, core dumped: no
[UID:2315][2322543] Child process with pid: 2334686 was killed by signal: 15, core dumped: no
[UID:2315][2322543] Child process with pid: 2334691 was killed by signal: 15, core dumped: no
[UID:2315][2322543] Child process with pid: 2335203 was killed by signal: 15, core dumped: no
OSError: LSAPI: File error
Not Found: /
Not Found: /Homepage/home/images/testimonial-1.jpg
Not Found: /Homepage/home/images/testimonial-2.jpg
Not Found: /Homepage/home/images/testimonial-3.jpg
Not Found: /Homepage/home/images/testimonial-1.jpg
Not Found: /Homepage/home/images/testimonial-2.jpg
Not Found: /Homepage/home/images/testimonial-3.jpg
Not Found: /Homepage/home/images/testimonial-1.jpg
Not Found: /Homepage/home/images/testimonial-2.jpg
Not Found: /Homepage/home/images/testimonial-3.jpg
[UID:2315][2322543] Reached max children process limit: 6, extra: 2, current: 8, busy: 7, please increase LSAPI_CHILDREN.
[UID:2315][2322543] Reached max children process limit: 6, extra: 2, current: 8, busy: 8, please increase LSAPI_CHILDREN.
[UID:2315][2322543] Reached max children process limit: 6, extra: 2, current: 8, busy: 8, please increase LSAPI_CHILDREN.
[UID:2315][2322543] Reached max children process limit: 6, extra: 2, current: 8, busy: 7, please increase LSAPI_CHILDREN.
[UID:2315][2322543] Reached max children process limit: 6, extra: 2, current: 8, busy: 8, please increase LSAPI_CHILDREN.
[UID:2315][2322543] Reached max children process limit: 6, extra: 2, current: 8, busy: 8, please increase LSAPI_CHILDREN.
[UID:2315][2322543] Reached max children process limit: 6, extra: 2, current: 8, busy: 8, please increase LSAPI_CHILDREN.
[UID:2315][2322543] Reached max children process limit: 6, extra: 2, current: 8, busy: 8, please increase LSAPI_CHILDREN.
[UID:2315][2322543] Reached max children process limit: 6, extra: 2, current: 8, busy: 8, please increase LSAPI_CHILDREN.
[UID:2315][2322543] Reached max children process limit: 6, extra: 2, current: 8, busy: 8, please increase LSAPI_CHILDREN.
[UID:2315][2322543] Reached max children process limit: 6, extra: 2, current: 8, busy: 8, please increase LSAPI_CHILDREN.
Not Found: /Homepage/home/images/testimonial-1.jpg
Not Found: /Homepage/home/images/testimonial-2.jpg
Not Found: /Homepage/home/images/testimonial-3.jpg
[UID:2315][2337714] Reached max children process limit: 6, extra: 2, current: 8, busy: 7, please increase LSAPI_CHILDREN.
[UID:2315][2337714] Reached max children process limit: 6, extra: 2, current: 8, busy: 8, please increase LSAPI_CHILDREN.
[UID:2315][2337714] Reached max children process limit: 6, extra: 2, current: 8, busy: 8, please increase LSAPI_CHILDREN.
Not Found: /Homepage/home/images/testimonial-1.jpg
Not Found: /Homepage/home/images/testimonial-2.jpg
Not Found: /Homepage/home/images/testimonial-3.jpg
Not Found: /
Not Found: /favicon.ico
Not Found: /
Not Found: /
OSError: LSAPI: File error
Not Found: /Homepage/home/images/testimonial-1.jpg
Not Found: /Homepage/home/images/testimonial-2.jpg
Not Found: /Homepage/home/images/testimonial-3.jpg
Not Found: /Homepage/home/images/testimonial-1.jpg
Not Found: /Homepage/home/images/testimonial-3.jpg
Not Found: /Homepage/home/images/testimonial-2.jpg
Not Found: /Homepage/home/images/testimonial-3.jpg
Not Found: /Homepage/home/images/testimonial-1.jpg
Not Found: /Homepage/home/images/testimonial-2.jpg
Not Found: /
[UID:2315][2349651] Reached max children process limit: 6, extra: 2, current: 8, busy: 8, please increase LSAPI_CHILDREN.
[UID:2315][2349651] Reached max children process limit: 6, extra: 2, current: 8, busy: 8, please increase LSAPI_CHILDREN.
[UID:2315][2349651] Reached max children process limit: 6, extra: 2, current: 8, busy: 8, please increase LSAPI_CHILDREN.
[UID:2315][2349651] Reached max children process limit: 6, extra: 2, current: 8, busy: 8, please increase LSAPI_CHILDREN.
[UID:2315][2349651] Reached max children process limit: 6, extra: 2, current: 8, busy: 8, please increase LSAPI_CHILDREN.
[UID:2315][2349651] Reached max children process limit: 6, extra: 2, current: 8, busy: 8, please increase LSAPI_CHILDREN.
[UID:2315][2349651] Reached max children process limit: 6, extra: 2, current: 8, busy: 8, please increase LSAPI_CHILDREN.
[UID:2315][2349651] Reached max children process limit: 6, extra: 2, current: 8, busy: 8, please increase LSAPI_CHILDREN.
[UID:2315][2349651] Reached max children process limit: 6, extra: 2, current: 8, busy: 8, please increase LSAPI_CHILDREN.
[UID:2315][2349651] Reached max children process limit: 6, extra: 2, current: 8, busy: 8, please increase LSAPI_CHILDREN.
[UID:2315][2349651] Reached max children process limit: 6, extra: 2, current: 8, busy: 8, please increase LSAPI_CHILDREN.
Not Found: /Homepage/home/images/testimonial-1.jpg
Not Found: /Homepage/home/images/testimonial-2.jpg
Not Found: /Homepage/home/images/testimonial-3.jpg
Not Found: /
[UID:2315][2349651] Child process with pid: 2349691 was killed by signal: 15, core dumped: no
[UID:2315][2349651] Child process with pid: 2349693 was killed by signal: 15, core dumped: no
[UID:2315][2349651] Child process with pid: 2349690 was killed by signal: 15, core dumped: no
Not Found: /
Not Found: /
Not Found: /
Not Found: /
Not Found: /
Not Found: /favicon.ico
Not Found: /
Not Found: /Homepage/home/images/testimonial-1.jpg
Not Found: /Homepage/home/images/testimonial-2.jpg
Not Found: /Homepage/home/images/testimonial-3.jpg
Not Found: /Homepage/home/images/testimonial-1.jpg
Not Found: /Homepage/home/images/testimonial-2.jpg
Not Found: /Homepage/home/images/testimonial-3.jpg
Not Found: /Homepage/home/images/testimonial-2.jpg
Not Found: /Homepage/home/images/testimonial-3.jpg
Not Found: /Homepage/home/images/testimonial-1.jpg
Not Found: /Homepage/home/images/testimonial-3.jpg
Not Found: /Homepage/home/images/testimonial-1.jpg
Not Found: /Homepage/home/images/testimonial-2.jpg
Not Found: /Homepage/home/images/testimonial-1.jpg
Not Found: /Homepage/home/images/testimonial-2.jpg
Not Found: /Homepage/home/images/testimonial-3.jpg
Not Found: /Homepage/home/images/testimonial-1.jpg
Not Found: /Homepage/home/images/testimonial-3.jpg
Not Found: /Homepage/home/images/testimonial-2.jpg
Not Found: /%7B%%20static%20'images/logo.png'%20%%7D
Not Found: /%7B%%20static%20'images/img6.jpg'%20%%7D
Not Found: /%7B%%20static%20'images/img7.jpg'%20%%7D
Not Found: /%7B%%20static%20'images/president.png'%20%%7D
Not Found: /%7B%%20static%20'images/firstupa.jpg'%20%%7D
Not Found: /%7B%%20static%20'images/sarila.png'%20%%7D
Not Found: /%7B%%20static%20'images/birbal.png'%20%%7D
Not Found: /%7B%%20static%20'images/chandra.png'%20%%7D
Not Found: /%7B%%20static%20'images/lila.png'%20%%7D
Not Found: /%7B%%20static%20'images/norbu.png'%20%%7D
Not Found: /%7B%%20static%20'images/roshan.png'%20%%7D
Not Found: /%7B%%20static%20'images/laxmi.png'%20%%7D
Not Found: /images/testimonial-1.jpg
Not Found: /images/testimonial-2.jpg
Not Found: /images/testimonial-3.jpg
Not Found: /%7B%%20static%20'images/foot.jpg'%20%%7D
Not Found: /%7B%%20static%20'images/img1.jpg'%20%%7D
Not Found: /%7B%%20static%20'images/img2.jpg'%20%%7D
Not Found: /%7B%%20static%20'images/img5.jpg'%20%%7D
Not Found: /%7B%%20static%20'images/img3.jpg'%20%%7D
Not Found: /%7B%%20static%20'images/img4.jpg'%20%%7D
Not Found: /Homepage/home/images/testimonial-1.jpg
Not Found: /Homepage/home/images/testimonial-3.jpg
Not Found: /Homepage/home/images/testimonial-2.jpg
Not Found: /Homepage/home/images/testimonial-1.jpg
Not Found: /Homepage/home/images/testimonial-2.jpg
Not Found: /Homepage/home/images/testimonial-3.jpg
Not Found: /Homepage/home/images/testimonial-1.jpg
Not Found: /Homepage/home/images/testimonial-3.jpg
Not Found: /Homepage/home/images/testimonial-2.jpg
Not Found: /Homepage/home/images/testimonial-1.jpg
Not Found: /Homepage/home/images/testimonial-2.jpg
Not Found: /Homepage/home/images/testimonial-3.jpg
Not Found: /Homepage/home/images/testimonial-3.jpg
Not Found: /Homepage/home/images/testimonial-2.jpg
Not Found: /Homepage/home/images/testimonial-1.jpg
Not Found: /Homepage/home/images/testimonial-1.jpg
Not Found: /Homepage/home/images/testimonial-2.jpg
Not Found: /Homepage/home/images/testimonial-3.jpg
Not Found: /Homepage/home/images/testimonial-1.jpg
Not Found: /Homepage/home/images/testimonial-2.jpg
Not Found: /Homepage/home/images/testimonial-3.jpg
Not Found: /Homepage/home/images/testimonial-1.jpg
Not Found: /Homepage/home/images/testimonial-2.jpg
Not Found: /Homepage/home/images/testimonial-3.jpg
Not Found: /Homepage/home/images/testimonial-1.jpg
Not Found: /Homepage/home/images/testimonial-1.jpg
Not Found: /Homepage/home/images/testimonial-3.jpg
Not Found: /Homepage/home/images/testimonial-2.jpg
Not Found: /Homepage/home/images/testimonial-2.jpg
Not Found: /Homepage/home/images/testimonial-3.jpg
Not Found: /Homepage/home/images/testimonial-1.jpg
Not Found: /Homepage/home/images/testimonial-3.jpg
Not Found: /Homepage/home/images/testimonial-1.jpg
Not Found: /Homepage/home/images/testimonial-2.jpg
Not Found: /Homepage/home/images/testimonial-2.jpg
Not Found: /Homepage/home/images/testimonial-3.jpg
Not Found: /Homepage/home/images/testimonial-1.jpg
Not Found: /Homepage/home/images/testimonial-1.jpg
Not Found: /Homepage/home/images/testimonial-2.jpg
Not Found: /Homepage/home/images/testimonial-3.jpg
Not Found: /favicon.ico
Not Found: /Homepage/home/images/testimonial-1.jpg
Not Found: /Homepage/home/images/testimonial-2.jpg
Not Found: /Homepage/home/images/testimonial-3.jpg
Not Found: /favicon.ico
Not Found: /Homepage/home/images/testimonial-1.jpg
Not Found: /Homepage/home/images/testimonial-2.jpg
Not Found: /Homepage/home/images/testimonial-3.jpg
Not Found: /favicon.ico
Not Found: /Homepage/home/images/testimonial-1.jpg
Not Found: /Homepage/home/images/testimonial-3.jpg
Not Found: /Homepage/home/images/testimonial-2.jpg
Not Found: /favicon.ico
